d:\git\mygit\map_make\debug\moc_designview.obj
d:\git\mygit\map_make\debug\moc_tileview.obj
d:\git\mygit\map_make\debug\moc_mainwindow.obj
d:\qt\qtproject\map_make\debug\main.obj
d:\qt\qtproject\map_make\debug\mainwindow.obj
d:\qt\qtproject\map_make\debug\designview.obj
d:\qt\qtproject\map_make\debug\tileview.obj
d:\qt\qtproject\map_make\debug\vc142.pdb
d:\qt\qtproject\map_make\debug\moc_mainwindow.obj
d:\qt\qtproject\map_make\debug\moc_designview.obj
d:\qt\qtproject\map_make\debug\moc_tileview.obj
d:\git\mygit\map_make\debug\mainwindow.obj
d:\git\mygit\map_make\debug\tileview.obj
d:\git\mygit\map_make\debug\designview.obj
d:\git\mygit\map_make\debug\main.obj
d:\git\mygit\map_make\debug\vc142.pdb
d:\git\mygit\map_make\debug\moc_predefs.h
d:\qt\qtproject\map_make\debug\map_make.exe
d:\qt\qtproject\map_make\debug\map_make.ilk
d:\qt\qtproject\map_make\debug\map_make.pdb
d:\qt\qtproject\map_make\ui_mainwindow.h
d:\qt\qtproject\map_make\debug\moc_mainwindow.cpp
d:\qt\qtproject\map_make\debug\moc_tileview.cpp
d:\qt\qtproject\map_make\debug\moc_designview.cpp
d:\git\mygit\map_make\ui_mainwindow.h
d:\git\mygit\map_make\debug\moc_mainwindow.cpp
d:\git\mygit\map_make\debug\moc_tileview.cpp
d:\git\mygit\map_make\debug\moc_designview.cpp
d:\git\mygit\map_make\debug\map_make.ilk
d:\git\mygit\map_make\debug\map_make.pdb
d:\git\mygit\map_make\debug\map_make.exe
d:\git\mygit\map_make\debug\map_make.tlog\cl.11512.write.1.tlog
d:\git\mygit\map_make\debug\map_make.tlog\cl.command.1.tlog
d:\git\mygit\map_make\debug\map_make.tlog\cl.read.1.tlog
d:\git\mygit\map_make\debug\map_make.tlog\custombuild.command.1.tlog
d:\git\mygit\map_make\debug\map_make.tlog\custombuild.read.1.tlog
d:\git\mygit\map_make\debug\map_make.tlog\custombuild.write.1.tlog
d:\git\mygit\map_make\debug\map_make.tlog\link-cvtres.read.1.tlog
d:\git\mygit\map_make\debug\map_make.tlog\link-cvtres.write.1.tlog
d:\git\mygit\map_make\debug\map_make.tlog\link-rc.read.1.tlog
d:\git\mygit\map_make\debug\map_make.tlog\link-rc.write.1.tlog
d:\git\mygit\map_make\debug\map_make.tlog\link.command.1.tlog
d:\git\mygit\map_make\debug\map_make.tlog\link.read.1.tlog
d:\git\mygit\map_make\debug\map_make.tlog\link.write.1.tlog
d:\git\mygit\map_make\debug\map_make.tlog\map_make.write.1u.tlog
d:\git\mygit\map_make\debug\map_make.tlog\moc.read.1u.tlog
d:\git\mygit\map_make\debug\map_make.tlog\moc.write.1u.tlog
d:\git\mygit\map_make\debug\map_make.tlog\uic.read.1u.tlog
d:\git\mygit\map_make\debug\map_make.tlog\uic.write.1u.tlog
